[[1;33mWARNING[m] 
[[1;33mWARNING[m] Some problems were encountered while building the effective settings
[[1;33mWARNING[m] Unrecognised tag: 'updatePolicy' (position: START_TAG seen <settings>\n<updatePolicy>... @2:15)  @ /Users/aman/.m2/settings.xml, line 2, column 15
[[1;33mWARNING[m] 
[[1;34mINFO[m] Scanning for projects...
[[1;34mINFO[m] 
[[1;34mINFO[m] [1m---------------------< [0;36mcom.nearly:config-service[0;1m >----------------------[m
[[1;34mINFO[m] [1mBuilding Config Service 1.0.0-SNAPSHOT[m
[[1;34mINFO[m] [1m--------------------------------[ jar ]---------------------------------[m
[[1;34mINFO[m] 
[[1;34mINFO[m] [1m>>> [0;32mspring-boot-maven-plugin:3.2.2:run[m [1m(default-cli)[0;1m > [0;1mtest-compile[m @ [36mconfig-service[0;1m >>>[m
[[1;34mINFO[m] 
[[1;34mINFO[m] [1m--- [0;32mmaven-resources-plugin:3.3.1:resources[m [1m(default-resources)[m @ [36mconfig-service[0;1m ---[m
[[1;34mINFO[m] Copying 2 resources from src/main/resources to target/classes
[[1;34mINFO[m] Copying 16 resources from src/main/resources to target/classes
[[1;34mINFO[m] 
[[1;34mINFO[m] [1m--- [0;32mmaven-compiler-plugin:3.11.0:compile[m [1m(default-compile)[m @ [36mconfig-service[0;1m ---[m
[[1;34mINFO[m] Nothing to compile - all classes are up to date
[[1;34mINFO[m] 
[[1;34mINFO[m] [1m--- [0;32mmaven-resources-plugin:3.3.1:testResources[m [1m(default-testResources)[m @ [36mconfig-service[0;1m ---[m
[[1;34mINFO[m] skip non existing resourceDirectory /Users/aman/Downloads/Nearly/microservices/config-service/src/test/resources
[[1;34mINFO[m] 
[[1;34mINFO[m] [1m--- [0;32mmaven-compiler-plugin:3.11.0:testCompile[m [1m(default-testCompile)[m @ [36mconfig-service[0;1m ---[m
[[1;34mINFO[m] No sources to compile
[[1;34mINFO[m] 
[[1;34mINFO[m] [1m<<< [0;32mspring-boot-maven-plugin:3.2.2:run[m [1m(default-cli)[0;1m < [0;1mtest-compile[m @ [36mconfig-service[0;1m <<<[m
[[1;34mINFO[m] 
[[1;34mINFO[m] 
[[1;34mINFO[m] [1m--- [0;32mspring-boot-maven-plugin:3.2.2:run[m [1m(default-cli)[m @ [36mconfig-service[0;1m ---[m
[[1;34mINFO[m] Attaching agents: []

  .   ____          _            __ _ _
 /\\ / ___'_ __ _ _(_)_ __  __ _ \ \ \ \
( ( )\___ | '_ | '_| | '_ \/ _` | \ \ \ \
 \\/  ___)| |_)| | | | | || (_| |  ) ) ) )
  '  |____| .__|_| |_|_| |_\__, | / / / /
 =========|_|==============|___/=/_/_/_/
 :: Spring Boot ::                (v3.2.2)

2026-01-12T21:49:48.478+05:30  INFO 75480 --- [config-service] [           main] c.n.config.ConfigServiceApplication      : Starting ConfigServiceApplication using Java 21.0.7 with PID 75480 (/Users/aman/Downloads/Nearly/microservices/config-service/target/classes started by aman in /Users/aman/Downloads/Nearly/microservices/config-service)
2026-01-12T21:49:48.479+05:30  INFO 75480 --- [config-service] [           main] c.n.config.ConfigServiceApplication      : The following 1 profile is active: "native"
2026-01-12T21:49:48.892+05:30  INFO 75480 --- [config-service] [           main] o.s.cloud.context.scope.GenericScope     : BeanFactory id=1b2bb857-1ed9-3a19-ac31-62467f5080a7
2026-01-12T21:49:48.915+05:30  WARN 75480 --- [config-service] [           main] trationDelegate$BeanPostProcessorChecker : Bean 'org.springframework.cloud.client.loadbalancer.LoadBalancerAutoConfiguration$LoadBalancerInterceptorConfig' of type [org.springframework.cloud.client.loadbalancer.LoadBalancerAutoConfiguration$LoadBalancerInterceptorConfig] is not eligible for getting processed by all BeanPostProcessors (for example: not eligible for auto-proxying). The currently created BeanPostProcessor [lbRestClientPostProcessor] is declared through a non-static factory method on that class; consider declaring it as static instead.
2026-01-12T21:49:48.916+05:30  WARN 75480 --- [config-service] [           main] trationDelegate$BeanPostProcessorChecker : Bean 'org.springframework.cloud.loadbalancer.config.BlockingLoadBalancerClientAutoConfiguration' of type [org.springframework.cloud.loadbalancer.config.BlockingLoadBalancerClientAutoConfiguration] is not eligible for getting processed by all BeanPostProcessors (for example: not eligible for auto-proxying). Is this bean getting eagerly injected into a currently created BeanPostProcessor [lbRestClientPostProcessor]? Check the corresponding BeanPostProcessor declaration and its dependencies.
2026-01-12T21:49:48.917+05:30  WARN 75480 --- [config-service] [           main] trationDelegate$BeanPostProcessorChecker : Bean 'org.springframework.cloud.loadbalancer.config.LoadBalancerAutoConfiguration' of type [org.springframework.cloud.loadbalancer.config.LoadBalancerAutoConfiguration] is not eligible for getting processed by all BeanPostProcessors (for example: not eligible for auto-proxying). Is this bean getting eagerly injected into a currently created BeanPostProcessor [lbRestClientPostProcessor]? Check the corresponding BeanPostProcessor declaration and its dependencies.
2026-01-12T21:49:48.919+05:30  WARN 75480 --- [config-service] [           main] trationDelegate$BeanPostProcessorChecker : Bean 'org.springframework.cloud.commons.config.CommonsConfigAutoConfiguration' of type [org.springframework.cloud.commons.config.CommonsConfigAutoConfiguration] is not eligible for getting processed by all BeanPostProcessors (for example: not eligible for auto-proxying). Is this bean getting eagerly injected into a currently created BeanPostProcessor [lbRestClientPostProcessor]? Check the corresponding BeanPostProcessor declaration and its dependencies.
2026-01-12T21:49:48.920+05:30  WARN 75480 --- [config-service] [           main] trationDelegate$BeanPostProcessorChecker : Bean 'org.springframework.cloud.client.loadbalancer.LoadBalancerDefaultMappingsProviderAutoConfiguration' of type [org.springframework.cloud.client.loadbalancer.LoadBalancerDefaultMappingsProviderAutoConfiguration] is not eligible for getting processed by all BeanPostProcessors (for example: not eligible for auto-proxying). Is this bean getting eagerly injected into a currently created BeanPostProcessor [lbRestClientPostProcessor]? Check the corresponding BeanPostProcessor declaration and its dependencies.
2026-01-12T21:49:48.921+05:30  WARN 75480 --- [config-service] [           main] trationDelegate$BeanPostProcessorChecker : Bean 'loadBalancerClientsDefaultsMappingsProvider' of type [org.springframework.cloud.client.loadbalancer.LoadBalancerDefaultMappingsProviderAutoConfiguration$$Lambda/0x00000080013bd6e0] is not eligible for getting processed by all BeanPostProcessors (for example: not eligible for auto-proxying). Is this bean getting eagerly injected into a currently created BeanPostProcessor [lbRestClientPostProcessor]? Check the corresponding BeanPostProcessor declaration and its dependencies.
2026-01-12T21:49:48.921+05:30  WARN 75480 --- [config-service] [           main] trationDelegate$BeanPostProcessorChecker : Bean 'defaultsBindHandlerAdvisor' of type [org.springframework.cloud.commons.config.DefaultsBindHandlerAdvisor] is not eligible for getting processed by all BeanPostProcessors (for example: not eligible for auto-proxying). Is this bean getting eagerly injected into a currently created BeanPostProcessor [lbRestClientPostProcessor]? Check the corresponding BeanPostProcessor declaration and its dependencies.
2026-01-12T21:49:48.923+05:30  WARN 75480 --- [config-service] [           main] trationDelegate$BeanPostProcessorChecker : Bean 'spring.cloud.loadbalancer-org.springframework.cloud.client.loadbalancer.LoadBalancerClientsProperties' of type [org.springframework.cloud.client.loadbalancer.LoadBalancerClientsProperties] is not eligible for getting processed by all BeanPostProcessors (for example: not eligible for auto-proxying). Is this bean getting eagerly injected into a currently created BeanPostProcessor [lbRestClientPostProcessor]? Check the corresponding BeanPostProcessor declaration and its dependencies.
2026-01-12T21:49:48.924+05:30  WARN 75480 --- [config-service] [           main] trationDelegate$BeanPostProcessorChecker : Bean 'default.org.springframework.cloud.loadbalancer.config.LoadBalancerAutoConfiguration.LoadBalancerClientSpecification' of type [org.springframework.cloud.loadbalancer.annotation.LoadBalancerClientSpecification] is not eligible for getting processed by all BeanPostProcessors (for example: not eligible for auto-proxying). Is this bean getting eagerly injected into a currently created BeanPostProcessor [lbRestClientPostProcessor]? Check the corresponding BeanPostProcessor declaration and its dependencies.
2026-01-12T21:49:48.925+05:30  WARN 75480 --- [config-service] [           main] trationDelegate$BeanPostProcessorChecker : Bean 'default.org.springframework.cloud.loadbalancer.config.BlockingLoadBalancerClientAutoConfiguration.LoadBalancerClientSpecification' of type [org.springframework.cloud.loadbalancer.annotation.LoadBalancerClientSpecification] is not eligible for getting processed by all BeanPostProcessors (for example: not eligible for auto-proxying). Is this bean getting eagerly injected into a currently created BeanPostProcessor [lbRestClientPostProcessor]? Check the corresponding BeanPostProcessor declaration and its dependencies.
2026-01-12T21:49:48.925+05:30  WARN 75480 --- [config-service] [           main] trationDelegate$BeanPostProcessorChecker : Bean 'default.org.springframework.cloud.netflix.eureka.loadbalancer.LoadBalancerEurekaAutoConfiguration.LoadBalancerClientSpecification' of type [org.springframework.cloud.loadbalancer.annotation.LoadBalancerClientSpecification] is not eligible for getting processed by all BeanPostProcessors (for example: not eligible for auto-proxying). Is this bean getting eagerly injected into a currently created BeanPostProcessor [lbRestClientPostProcessor]? Check the corresponding BeanPostProcessor declaration and its dependencies.
2026-01-12T21:49:48.925+05:30  WARN 75480 --- [config-service] [           main] trationDelegate$BeanPostProcessorChecker : Bean 'loadBalancerClientFactory' of type [org.springframework.cloud.loadbalancer.support.LoadBalancerClientFactory] is not eligible for getting processed by all BeanPostProcessors (for example: not eligible for auto-proxying). Is this bean getting eagerly injected into a currently created BeanPostProcessor [lbRestClientPostProcessor]? Check the corresponding BeanPostProcessor declaration and its dependencies.
2026-01-12T21:49:48.926+05:30  WARN 75480 --- [config-service] [           main] trationDelegate$BeanPostProcessorChecker : Bean 'blockingLoadBalancerClient' of type [org.springframework.cloud.loadbalancer.blocking.client.BlockingLoadBalancerClient] is not eligible for getting processed by all BeanPostProcessors (for example: not eligible for auto-proxying). Is this bean getting eagerly injected into a currently created BeanPostProcessor [lbRestClientPostProcessor]? Check the corresponding BeanPostProcessor declaration and its dependencies.
2026-01-12T21:49:48.928+05:30  WARN 75480 --- [config-service] [           main] trationDelegate$BeanPostProcessorChecker : Bean 'loadBalancerServiceInstanceCookieTransformer' of type [org.springframework.cloud.loadbalancer.core.LoadBalancerServiceInstanceCookieTransformer] is not eligible for getting processed by all BeanPostProcessors (for example: not eligible for auto-proxying). Is this bean getting eagerly injected into a currently created BeanPostProcessor [lbRestClientPostProcessor]? Check the corresponding BeanPostProcessor declaration and its dependencies.
2026-01-12T21:49:48.928+05:30  WARN 75480 --- [config-service] [           main] trationDelegate$BeanPostProcessorChecker : Bean 'xForwarderHeadersTransformer' of type [org.springframework.cloud.loadbalancer.blocking.XForwardedHeadersTransformer] is not eligible for getting processed by all BeanPostProcessors (for example: not eligible for auto-proxying). Is this bean getting eagerly injected into a currently created BeanPostProcessor [lbRestClientPostProcessor]? Check the corresponding BeanPostProcessor declaration and its dependencies.
2026-01-12T21:49:48.929+05:30  WARN 75480 --- [config-service] [           main] trationDelegate$BeanPostProcessorChecker : Bean 'org.springframework.cloud.client.loadbalancer.LoadBalancerAutoConfiguration' of type [org.springframework.cloud.client.loadbalancer.LoadBalancerAutoConfiguration] is not eligible for getting processed by all BeanPostProcessors (for example: not eligible for auto-proxying). Is this bean getting eagerly injected into a currently created BeanPostProcessor [lbRestClientPostProcessor]? Check the corresponding BeanPostProcessor declaration and its dependencies.
2026-01-12T21:49:48.929+05:30  WARN 75480 --- [config-service] [           main] trationDelegate$BeanPostProcessorChecker : Bean 'loadBalancerRequestFactory' of type [org.springframework.cloud.client.loadbalancer.LoadBalancerRequestFactory] is not eligible for getting processed by all BeanPostProcessors (for example: not eligible for auto-proxying). Is this bean getting eagerly injected into a currently created BeanPostProcessor [lbRestClientPostProcessor]? Check the corresponding BeanPostProcessor declaration and its dependencies.
2026-01-12T21:49:48.929+05:30  WARN 75480 --- [config-service] [           main] trationDelegate$BeanPostProcessorChecker : Bean 'loadBalancerInterceptor' of type [org.springframework.cloud.client.loadbalancer.LoadBalancerInterceptor] is not eligible for getting processed by all BeanPostProcessors (for example: not eligible for auto-proxying). Is this bean getting eagerly injected into a currently created BeanPostProcessor [lbRestClientPostProcessor]? Check the corresponding BeanPostProcessor declaration and its dependencies.
2026-01-12T21:49:49.000+05:30  INFO 75480 --- [config-service] [           main] o.s.b.w.embedded.tomcat.TomcatWebServer  : Tomcat initialized with port 9001 (http)
2026-01-12T21:49:49.004+05:30  INFO 75480 --- [config-service] [           main] o.apache.catalina.core.StandardService   : Starting service [Tomcat]
2026-01-12T21:49:49.005+05:30  INFO 75480 --- [config-service] [           main] o.apache.catalina.core.StandardEngine    : Starting Servlet engine: [Apache Tomcat/10.1.18]
2026-01-12T21:49:49.029+05:30  INFO 75480 --- [config-service] [           main] o.a.c.c.C.[Tomcat].[localhost].[/]       : Initializing Spring embedded WebApplicationContext
2026-01-12T21:49:49.029+05:30  INFO 75480 --- [config-service] [           main] w.s.c.ServletWebServerApplicationContext : Root WebApplicationContext: initialization completed in 537 ms
2026-01-12T21:49:49.402+05:30  INFO 75480 --- [config-service] [           main] DiscoveryClientOptionalArgsConfiguration : Eureka HTTP Client uses RestTemplate.
2026-01-12T21:49:49.453+05:30  WARN 75480 --- [config-service] [           main] iguration$LoadBalancerCaffeineWarnLogger : Spring Cloud LoadBalancer is currently working with the default cache. While this cache implementation is useful for development and tests, it's recommended to use Caffeine cache in production.You can switch to using Caffeine cache, by adding it and org.springframework.cache.caffeine.CaffeineCacheManager to the classpath.
2026-01-12T21:49:49.456+05:30  INFO 75480 --- [config-service] [           main] o.s.b.a.e.web.EndpointLinksResolver      : Exposing 3 endpoint(s) beneath base path '/actuator'
2026-01-12T21:49:49.475+05:30  INFO 75480 --- [config-service] [           main] o.s.c.n.eureka.InstanceInfoFactory       : Setting initial instance status as: STARTING
2026-01-12T21:49:49.520+05:30  INFO 75480 --- [config-service] [           main] com.netflix.discovery.DiscoveryClient    : Initializing Eureka in region us-east-1
2026-01-12T21:49:49.522+05:30  INFO 75480 --- [config-service] [           main] c.n.d.s.r.aws.ConfigClusterResolver      : Resolving eureka endpoints via configuration
2026-01-12T21:49:49.530+05:30  INFO 75480 --- [config-service] [           main] com.netflix.discovery.DiscoveryClient    : Disable delta property : false
2026-01-12T21:49:49.530+05:30  INFO 75480 --- [config-service] [           main] com.netflix.discovery.DiscoveryClient    : Single vip registry refresh property : null
2026-01-12T21:49:49.530+05:30  INFO 75480 --- [config-service] [           main] com.netflix.discovery.DiscoveryClient    : Force full registry fetch : false
2026-01-12T21:49:49.530+05:30  INFO 75480 --- [config-service] [           main] com.netflix.discovery.DiscoveryClient    : Application is null : false
2026-01-12T21:49:49.530+05:30  INFO 75480 --- [config-service] [           main] com.netflix.discovery.DiscoveryClient    : Registered Applications size is zero : true
2026-01-12T21:49:49.530+05:30  INFO 75480 --- [config-service] [           main] com.netflix.discovery.DiscoveryClient    : Application version is -1: true
2026-01-12T21:49:49.530+05:30  INFO 75480 --- [config-service] [           main] com.netflix.discovery.DiscoveryClient    : Getting all instance registry info from the eureka server
2026-01-12T21:49:49.701+05:30  INFO 75480 --- [config-service] [           main] com.netflix.discovery.DiscoveryClient    : The response status is 200
2026-01-12T21:49:49.702+05:30  INFO 75480 --- [config-service] [           main] com.netflix.discovery.DiscoveryClient    : Starting heartbeat executor: renew interval is: 30
2026-01-12T21:49:49.703+05:30  INFO 75480 --- [config-service] [           main] c.n.discovery.InstanceInfoReplicator     : InstanceInfoReplicator onDemand update allowed rate per min is 4
2026-01-12T21:49:49.705+05:30  INFO 75480 --- [config-service] [           main] com.netflix.discovery.DiscoveryClient    : Discovery Client initialized at timestamp 1768234789705 with initial instances count: 0
2026-01-12T21:49:49.705+05:30  INFO 75480 --- [config-service] [           main] o.s.c.n.e.s.EurekaServiceRegistry        : Registering application CONFIG-SERVICE with eureka with status UP
2026-01-12T21:49:49.706+05:30  INFO 75480 --- [config-service] [           main] com.netflix.discovery.DiscoveryClient    : Saw local status change event StatusChangeEvent [timestamp=1768234789706, current=UP, previous=STARTING]
2026-01-12T21:49:49.706+05:30  INFO 75480 --- [config-service] [nfoReplicator-0] com.netflix.discovery.DiscoveryClient    : DiscoveryClient_CONFIG-SERVICE/192.168.2.134:config-service:9001: registering service...
2026-01-12T21:49:49.714+05:30  INFO 75480 --- [config-service] [           main] o.s.b.w.embedded.tomcat.TomcatWebServer  : Tomcat started on port 9001 (http) with context path ''
2026-01-12T21:49:49.714+05:30  INFO 75480 --- [config-service] [           main] .s.c.n.e.s.EurekaAutoServiceRegistration : Updating port to 9001
2026-01-12T21:49:49.751+05:30  INFO 75480 --- [config-service] [           main] c.n.config.ConfigServiceApplication      : Started ConfigServiceApplication in 1.45 seconds (process running for 1.688)
2026-01-12T21:49:49.839+05:30  INFO 75480 --- [config-service] [nfoReplicator-0] com.netflix.discovery.DiscoveryClient    : DiscoveryClient_CONFIG-SERVICE/192.168.2.134:config-service:9001 - registration status: 204
2026-01-12T21:49:52.496+05:30  INFO 75480 --- [config-service] [nio-9001-exec-1] o.a.c.c.C.[Tomcat].[localhost].[/]       : Initializing Spring DispatcherServlet 'dispatcherServlet'
2026-01-12T21:49:52.516+05:30  INFO 75480 --- [config-service] [nio-9001-exec-1] o.s.web.servlet.DispatcherServlet        : Initializing Servlet 'dispatcherServlet'
2026-01-12T21:49:52.600+05:30  INFO 75480 --- [config-service] [nio-9001-exec-1] o.s.web.servlet.DispatcherServlet        : Completed initialization in 83 ms
2026-01-12T21:49:52.911+05:30  INFO 75480 --- [config-service] [nio-9001-exec-1] o.s.c.c.s.e.NativeEnvironmentRepository  : Adding property source: Config resource 'class path resource [configs/application.yml]' via location 'classpath:/configs/'
2026-01-12T21:49:54.693+05:30  INFO 75480 --- [config-service] [nio-9001-exec-2] o.s.c.c.s.e.NativeEnvironmentRepository  : Adding property source: Config resource 'class path resource [configs/api-gateway.yml]' via location 'classpath:/configs/'
2026-01-12T21:49:54.693+05:30  INFO 75480 --- [config-service] [nio-9001-exec-2] o.s.c.c.s.e.NativeEnvironmentRepository  : Adding property source: Config resource 'class path resource [configs/application.yml]' via location 'classpath:/configs/'
2026-01-12T21:50:01.525+05:30  INFO 75480 --- [config-service] [nio-9001-exec-3] o.s.c.c.s.e.NativeEnvironmentRepository  : Adding property source: Config resource 'class path resource [configs/auth-service.yml]' via location 'classpath:/configs/'
2026-01-12T21:50:01.528+05:30  INFO 75480 --- [config-service] [nio-9001-exec-3] o.s.c.c.s.e.NativeEnvironmentRepository  : Adding property source: Config resource 'class path resource [configs/application.yml]' via location 'classpath:/configs/'
2026-01-12T21:50:19.711+05:30  INFO 75480 --- [config-service] [freshExecutor-0] com.netflix.discovery.DiscoveryClient    : Disable delta property : false
2026-01-12T21:50:19.714+05:30  INFO 75480 --- [config-service] [freshExecutor-0] com.netflix.discovery.DiscoveryClient    : Single vip registry refresh property : null
2026-01-12T21:50:19.714+05:30  INFO 75480 --- [config-service] [freshExecutor-0] com.netflix.discovery.DiscoveryClient    : Force full registry fetch : false
2026-01-12T21:50:19.714+05:30  INFO 75480 --- [config-service] [freshExecutor-0] com.netflix.discovery.DiscoveryClient    : Application is null : false
2026-01-12T21:50:19.714+05:30  INFO 75480 --- [config-service] [freshExecutor-0] com.netflix.discovery.DiscoveryClient    : Registered Applications size is zero : true
2026-01-12T21:50:19.714+05:30  INFO 75480 --- [config-service] [freshExecutor-0] com.netflix.discovery.DiscoveryClient    : Application version is -1: false
2026-01-12T21:50:19.715+05:30  INFO 75480 --- [config-service] [freshExecutor-0] com.netflix.discovery.DiscoveryClient    : Getting all instance registry info from the eureka server
2026-01-12T21:50:19.775+05:30  INFO 75480 --- [config-service] [freshExecutor-0] com.netflix.discovery.DiscoveryClient    : The response status is 200
2026-01-12T21:54:49.549+05:30  INFO 75480 --- [config-service] [trap-executor-0] c.n.d.s.r.aws.ConfigClusterResolver      : Resolving eureka endpoints via configuration
2026-01-12T21:55:06.453+05:30  INFO 75480 --- [config-service] [ionShutdownHook] o.s.c.n.e.s.EurekaServiceRegistry        : Unregistering application CONFIG-SERVICE with eureka with status DOWN
2026-01-12T21:55:06.456+05:30  INFO 75480 --- [config-service] [ionShutdownHook] com.netflix.discovery.DiscoveryClient    : Saw local status change event StatusChangeEvent [timestamp=1768235106456, current=DOWN, previous=UP]
2026-01-12T21:55:06.457+05:30  INFO 75480 --- [config-service] [nfoReplicator-0] com.netflix.discovery.DiscoveryClient    : DiscoveryClient_CONFIG-SERVICE/192.168.2.134:config-service:9001: registering service...
2026-01-12T21:55:06.484+05:30  INFO 75480 --- [config-service] [nfoReplicator-0] com.netflix.discovery.DiscoveryClient    : DiscoveryClient_CONFIG-SERVICE/192.168.2.134:config-service:9001 - registration status: 204
2026-01-12T21:55:06.517+05:30  INFO 75480 --- [config-service] [ionShutdownHook] com.netflix.discovery.DiscoveryClient    : Shutting down DiscoveryClient ...
2026-01-12T21:55:09.535+05:30  INFO 75480 --- [config-service] [ionShutdownHook] com.netflix.discovery.DiscoveryClient    : Unregistering ...
2026-01-12T21:55:09.564+05:30  INFO 75480 --- [config-service] [ionShutdownHook] com.netflix.discovery.DiscoveryClient    : DiscoveryClient_CONFIG-SERVICE/192.168.2.134:config-service:9001 - deregister  status: 200
2026-01-12T21:55:09.572+05:30  INFO 75480 --- [config-service] [ionShutdownHook] com.netflix.discovery.DiscoveryClient    : Completed shut down of DiscoveryClient
